#
# A fatal error has been detected by the Java Runtime Environment:
#
#  EXCEPTION_ACCESS_VIOLATION (0xc0000005) at pc=0x0000000067ebedc1, pid=10344, tid=0x0000000000001078
#
# JRE version: Java(TM) SE Runtime Environment (8.0_161-b12) (build 1.8.0_161-b12)
# Java VM: Java HotSpot(TM) 64-Bit Server VM (25.161-b12 mixed mode windows-amd64 compressed oops)
# Problematic frame:
# C  0x0000000067ebedc1
#
# Failed to write core dump. Minidumps are not enabled by default on client versions of Windows
#
# If you would like to submit a bug report, please visit:
#   http://bugreport.java.com/bugreport/crash.jsp
# The crash happened outside the Java Virtual Machine in native code.
# See problematic frame for where to report the bug.
#

---------------  T H R E A D  ---------------

Current thread (0x000000001b8d7000):  JavaThread "JavaFX Application Thread" [_thread_in_native, id=4216, stack(0x000000001d500000,0x000000001d600000)]

siginfo: ExceptionCode=0xc0000005, reading address 0x00000000000000a0

Registers:
RAX=0x00007b6754c56e82, RBX=0x000000001d5fba40, RCX=0x0000000000000000, RDX=0x000000001d5fba40
RSP=0x000000001d5fb9b0, RBP=0x000000001d5fc020, RSI=0x0000000021d2e0c0, RDI=0x0000000021dd0770
R8 =0x00000000003a3180, R9 =0x0000000000008000, R10=0x00000000660ac020, R11=0x000000001d5fb9c0
R12=0x000000001d5fbc20, R13=0x0000000000000000, R14=0x000000001d5fbda0, R15=0x000000001d5fbc20
RIP=0x0000000067ebedc1, EFLAGS=0x0000000000010202

Top of Stack: (sp=0x000000001d5fb9b0)
0x000000001d5fb9b0:   000000001d5fbc20 000000001d5fbda0
0x000000001d5fb9c0:   000000001d5fbc20 0000000000000000
0x000000001d5fb9d0:   00000000ffffffff 0000000000000004
0x000000001d5fb9e0:   0000000021d2e0c0 00007ff8123dcb1b
0x000000001d5fb9f0:   000000001d5fbc20 000000001d5fbda0
0x000000001d5fba00:   00000000ffffffff 000000001d5fbc20
0x000000001d5fba10:   0000000021dd0770 0000000068065597
0x000000001d5fba20:   000000001d5fbac0 000000001d5fc020
0x000000001d5fba30:   0000000021d2e0c0 000000006b0f81b1
0x000000001d5fba40:   0000000000000000 0000000000000000
0x000000001d5fba50:   00000000660ac070 00007b6754c56e82
0x000000001d5fba60:   0000000021dd0770 0000000068063620
0x000000001d5fba70:   0000000021dbeec0 000000001d5fbac0
0x000000001d5fba80:   000000001d5fc020 0000000021d2e0c0
0x000000001d5fba90:   0000000021d2d760 0000000067b44f47
0x000000001d5fbaa0:   0000000021dd0770 000000001d5fd0d8 

Instructions: (pc=0x0000000067ebedc1)
0x0000000067ebeda1:   54 41 55 41 56 41 57 48 83 ec 40 48 c7 02 00 00
0x0000000067ebedb1:   00 00 48 8b da 48 c7 42 08 00 00 00 00 4c 8b e9
0x0000000067ebedc1:   48 8b 91 a0 00 00 00 44 8b a1 ac 00 00 00 49 c1
0x0000000067ebedd1:   e4 04 4c 03 e2 49 3b d4 0f 84 ca 00 00 00 90 4c 


Register to memory mapping:

RAX=0x00007b6754c56e82 is an unknown value
RBX=0x000000001d5fba40 is pointing into the stack for thread: 0x000000001b8d7000
RCX=0x0000000000000000 is an unknown value
RDX=0x000000001d5fba40 is pointing into the stack for thread: 0x000000001b8d7000
RSP=0x000000001d5fb9b0 is pointing into the stack for thread: 0x000000001b8d7000
RBP=0x000000001d5fc020 is pointing into the stack for thread: 0x000000001b8d7000
RSI=0x0000000021d2e0c0 is an unknown value
RDI=0x0000000021dd0770 is an unknown value
R8 =0x00000000003a3180 is an unknown value
R9 =0x0000000000008000 is an unknown value
R10=0x00000000660ac020 is an unknown value
R11=0x000000001d5fb9c0 is pointing into the stack for thread: 0x000000001b8d7000
R12=0x000000001d5fbc20 is pointing into the stack for thread: 0x000000001b8d7000
R13=0x0000000000000000 is an unknown value
R14=0x000000001d5fbda0 is pointing into the stack for thread: 0x000000001b8d7000
R15=0x000000001d5fbc20 is pointing into the stack for thread: 0x000000001b8d7000


Stack: [0x000000001d500000,0x000000001d600000],  sp=0x000000001d5fb9b0,  free space=1006k
Native frames: (J=compiled Java code, j=interpreted, Vv=VM code, C=native code)
C  0x0000000067ebedc1
C  0x0000000068065597
C  0x0000000068063620
C  0x0000000067b44f47
C  0x00000000680656eb
C  0x0000000067b3c4b9
C  0x0000000067df47c2
C  0x0000000067df04a7
C  0x0000000067df441c
C  0x00000000681f039c
C  0x0000000004be9d22

Java frames: (J=compiled Java code, j=interpreted, Vv=VM code)
J 1972  com.sun.webkit.WebPage.twkProcessMouseEvent(JIIIIIIIZZZZZD)Z (0 bytes) @ 0x0000000004be9ca4 [0x0000000004be9c00+0xa4]
J 1748 C1 com.sun.webkit.WebPage.dispatchMouseEvent(Lcom/sun/webkit/event/WCMouseEvent;)Z (167 bytes) @ 0x0000000004b2938c [0x0000000004b274a0+0x1eec]
j  javafx.scene.web.WebView.processMouseEvent(Ljavafx/scene/input/MouseEvent;)V+181
j  javafx.scene.web.WebView.lambda$registerEventHandlers$32(Ljavafx/scene/input/MouseEvent;)V+2
j  javafx.scene.web.WebView$$Lambda$121.handle(Ljavafx/event/Event;)V+8
j  com.sun.javafx.event.CompositeEventHandler$NormalEventHandlerRecord.handleBubblingEvent(Ljavafx/event/Event;)V+5
J 1809 C1 com.sun.javafx.event.CompositeEventHandler.dispatchBubblingEvent(Ljavafx/event/Event;)V (57 bytes) @ 0x0000000004b4c704 [0x0000000004b4c4c0+0x244]
J 1710 C1 com.sun.javafx.event.EventHandlerManager.dispatchBubblingEvent(Ljavafx/event/Event;)Ljavafx/event/Event; (23 bytes) @ 0x0000000004afddac [0x0000000004afd720+0x68c]
J 1709 C1 com.sun.javafx.event.CompositeEventDispatcher.dispatchBubblingEvent(Ljavafx/event/Event;)Ljavafx/event/Event; (35 bytes) @ 0x0000000004afd07c [0x0000000004afcea0+0x1dc]
J 1623 C1 com.sun.javafx.event.BasicEventDispatcher.dispatchEvent(Ljavafx/event/Event;Ljavafx/event/EventDispatchChain;)Ljavafx/event/Event; (44 bytes) @ 0x0000000004adb354 [0x0000000004adb000+0x354]
J 1481 C1 com.sun.javafx.event.EventDispatchChainImpl.dispatchEvent(Ljavafx/event/Event;)Ljavafx/event/Event; (101 bytes) @ 0x0000000004a86d04 [0x0000000004a86b40+0x1c4]
J 1623 C1 com.sun.javafx.event.BasicEventDispatcher.dispatchEvent(Ljavafx/event/Event;Ljavafx/event/EventDispatchChain;)Ljavafx/event/Event; (44 bytes) @ 0x0000000004adb264 [0x0000000004adb000+0x264]
J 1481 C1 com.sun.javafx.event.EventDispatchChainImpl.dispatchEvent(Ljavafx/event/Event;)Ljavafx/event/Event; (101 bytes) @ 0x0000000004a86d04 [0x0000000004a86b40+0x1c4]
J 1623 C1 com.sun.javafx.event.BasicEventDispatcher.dispatchEvent(Ljavafx/event/Event;Ljavafx/event/EventDispatchChain;)Ljavafx/event/Event; (44 bytes) @ 0x0000000004adb264 [0x0000000004adb000+0x264]
J 1481 C1 com.sun.javafx.event.EventDispatchChainImpl.dispatchEvent(Ljavafx/event/Event;)Ljavafx/event/Event; (101 bytes) @ 0x0000000004a86d04 [0x0000000004a86b40+0x1c4]
J 1726 C1 com.sun.javafx.event.EventUtil.fireEvent(Ljavafx/event/EventTarget;Ljavafx/event/Event;)Ljavafx/event/Event; (81 bytes) @ 0x0000000004b0fbbc [0x0000000004b0f480+0x73c]
J 1734 C1 javafx.scene.Scene$MouseHandler.process(Ljavafx/scene/input/MouseEvent;Z)V (735 bytes) @ 0x0000000004b1973c [0x0000000004b16c40+0x2afc]
J 1733 C1 javafx.scene.Scene$MouseHandler.access$1500(Ljavafx/scene/Scene$MouseHandler;Ljavafx/scene/input/MouseEvent;Z)V (7 bytes) @ 0x0000000004b1647c [0x0000000004b16400+0x7c]
j  javafx.scene.Scene.impl_processMouseEvent(Ljavafx/scene/input/MouseEvent;)V+6
j  javafx.scene.Scene$ScenePeerListener.mouseEvent(Ljavafx/event/EventType;DDDDLjavafx/scene/input/MouseButton;ZZZZZZZZZ)V+46
j  com.sun.javafx.tk.quantum.EmbeddedScene.lambda$null$293(IIIIIIZZZZIZZZZ)Ljava/lang/Void;+132
j  com.sun.javafx.tk.quantum.EmbeddedScene$$Lambda$193.run()Ljava/lang/Object;+64
v  ~StubRoutines::call_stub
J 698  java.security.AccessController.doPrivileged(Ljava/security/PrivilegedAction;Ljava/security/AccessControlContext;)Ljava/lang/Object; (0 bytes) @ 0x0000000004833566 [0x0000000004833500+0x66]
J 1956 C1 com.sun.javafx.tk.quantum.EmbeddedScene.lambda$mouseEvent$294(IIIIIIZZZZIZZZZ)V (42 bytes) @ 0x0000000004bd0bec [0x0000000004bd0760+0x48c]
J 1744 C1 com.sun.javafx.tk.quantum.EmbeddedScene$$Lambda$192.run()V (68 bytes) @ 0x0000000004b26404 [0x0000000004b26280+0x184]
J 1685 C1 com.sun.javafx.application.PlatformImpl$$Lambda$68.run()Ljava/lang/Object; (8 bytes) @ 0x0000000004af56d4 [0x0000000004af5580+0x154]
v  ~StubRoutines::call_stub
J 698  java.security.AccessController.doPrivileged(Ljava/security/PrivilegedAction;Ljava/security/AccessControlContext;)Ljava/lang/Object; (0 bytes) @ 0x0000000004833566 [0x0000000004833500+0x66]
J 1682 C1 com.sun.javafx.application.PlatformImpl.lambda$runLater$173(Ljava/lang/Runnable;Ljava/security/AccessControlContext;)V (38 bytes) @ 0x0000000004af42ec [0x0000000004af3ec0+0x42c]
J 1681 C1 com.sun.javafx.application.PlatformImpl$$Lambda$67.run()V (12 bytes) @ 0x0000000004af3b0c [0x0000000004af3a80+0x8c]
J 1661 C1 com.sun.glass.ui.InvokeLaterDispatcher$Future.run()V (91 bytes) @ 0x0000000004ae506c [0x0000000004ae4f60+0x10c]
v  ~StubRoutines::call_stub
j  com.sun.glass.ui.win.WinApplication._runLoop(Ljava/lang/Runnable;)V+0
j  com.sun.glass.ui.win.WinApplication.lambda$null$147(ILjava/lang/Runnable;)V+8
j  com.sun.glass.ui.win.WinApplication$$Lambda$53.run()V+12
j  java.lang.Thread.run()V+11
v  ~StubRoutines::call_stub

---------------  P R O C E S S  ---------------

Java Threads: ( => current thread )
  0x000000001b158000 JavaThread "Disposer" daemon [_thread_blocked, id=7304, stack(0x0000000064b80000,0x0000000064c80000)]
  0x000000001b159000 JavaThread "Prism Font Disposer" daemon [_thread_blocked, id=8344, stack(0x0000000064280000,0x0000000064380000)]
  0x000000001ba40000 JavaThread "TimerQueue" daemon [_thread_blocked, id=11716, stack(0x0000000022e90000,0x0000000022f90000)]
  0x000000001b9eb000 JavaThread "Thread-4" daemon [_thread_in_native, id=992, stack(0x0000000021e90000,0x0000000021f90000)]
=>0x000000001b8d7000 JavaThread "JavaFX Application Thread" [_thread_in_native, id=4216, stack(0x000000001d500000,0x000000001d600000)]
  0x000000001b941000 JavaThread "Thread-3" daemon [_thread_blocked, id=8024, stack(0x000000001d400000,0x000000001d500000)]
  0x000000001b8fb000 JavaThread "QuantumRenderer-0" daemon [_thread_blocked, id=11412, stack(0x000000001d200000,0x000000001d300000)]
  0x00000000044a3000 JavaThread "DestroyJavaVM" [_thread_blocked, id=13416, stack(0x0000000004350000,0x0000000004450000)]
  0x000000001b7c5800 JavaThread "AWT-EventQueue-0" [_thread_in_native, id=7656, stack(0x000000001c380000,0x000000001c480000)]
  0x000000001b7c4800 JavaThread "AWT-Windows" daemon [_thread_in_native, id=8444, stack(0x000000001c1b0000,0x000000001c2b0000)]
  0x000000001b7c3800 JavaThread "AWT-Shutdown" [_thread_blocked, id=228, stack(0x000000001c0b0000,0x000000001c1b0000)]
  0x000000001b7b8800 JavaThread "Java2D Disposer" daemon [_thread_blocked, id=9124, stack(0x000000001bfb0000,0x000000001c0b0000)]
  0x000000001b0ce000 JavaThread "Service Thread" daemon [_thread_blocked, id=10188, stack(0x000000001b480000,0x000000001b580000)]
  0x0000000019118800 JavaThread "C1 CompilerThread2" daemon [_thread_blocked, id=9192, stack(0x000000001af80000,0x000000001b080000)]
  0x0000000019117000 JavaThread "C2 CompilerThread1" daemon [_thread_blocked, id=1456, stack(0x000000001ae80000,0x000000001af80000)]
  0x0000000019115000 JavaThread "C2 CompilerThread0" daemon [_thread_blocked, id=6740, stack(0x000000001ad80000,0x000000001ae80000)]
  0x0000000019109000 JavaThread "JDWP Command Reader" daemon [_thread_in_native, id=10820, stack(0x000000001ac80000,0x000000001ad80000)]
  0x0000000019107800 JavaThread "JDWP Event Helper Thread" daemon [_thread_blocked, id=8876, stack(0x000000001ab80000,0x000000001ac80000)]
  0x00000000190f8000 JavaThread "JDWP Transport Listener: dt_socket" daemon [_thread_blocked, id=11916, stack(0x000000001aa80000,0x000000001ab80000)]
  0x00000000190ee800 JavaThread "Attach Listener" daemon [_thread_blocked, id=12952, stack(0x000000001a640000,0x000000001a740000)]
  0x00000000190ed800 JavaThread "Signal Dispatcher" daemon [_thread_blocked, id=5296, stack(0x000000001a540000,0x000000001a640000)]
  0x00000000190da800 JavaThread "Finalizer" daemon [_thread_blocked, id=1584, stack(0x000000001a350000,0x000000001a450000)]
  0x0000000004591000 JavaThread "Reference Handler" daemon [_thread_blocked, id=10920, stack(0x000000001a250000,0x000000001a350000)]

Other Threads:
  0x00000000190b8000 VMThread [stack: 0x000000001a150000,0x000000001a250000] [id=8328]
  0x000000001b0fc800 WatcherThread [stack: 0x000000001b580000,0x000000001b680000] [id=11308]

VM state:not at safepoint (normal execution)

VM Mutex/Monitor currently owned by a thread: None

Heap:
 PSYoungGen      total 38400K, used 13694K [0x00000000d5d80000, 0x00000000d8800000, 0x0000000100000000)
  eden space 33280K, 41% used [0x00000000d5d80000,0x00000000d6adf948,0x00000000d7e00000)
  from space 5120K, 0% used [0x00000000d8300000,0x00000000d8300000,0x00000000d8800000)
  to   space 5120K, 0% used [0x00000000d7e00000,0x00000000d7e00000,0x00000000d8300000)
 ParOldGen       total 44032K, used 7821K [0x0000000081800000, 0x0000000084300000, 0x00000000d5d80000)
  object space 44032K, 17% used [0x0000000081800000,0x0000000081fa3688,0x0000000084300000)
 Metaspace       used 20833K, capacity 21562K, committed 21760K, reserved 1069056K
  class space    used 2866K, capacity 3067K, committed 3072K, reserved 1048576K

Card table byte_map: [0x0000000013960000,0x0000000013d60000] byte_map_base: 0x0000000013554000

Marking Bits: (ParMarkBitMap*) 0x000000006b81f860
 Begin Bits: [0x0000000014410000, 0x00000000163b0000)
 End Bits:   [0x00000000163b0000, 0x0000000018350000)

Polling page: 0x0000000002710000

CodeCache: size=245760Kb used=6489Kb max_used=6500Kb free=239270Kb
 bounds [0x00000000045a0000, 0x0000000004c00000, 0x00000000135a0000]
 total_blobs=2676 nmethods=1919 adapters=677
 compilation: enabled

Compilation events (10 events):
Event: 30.427 Thread 0x0000000019115000 nmethod 1968 0x0000000004bf1510 code [0x0000000004bf1880, 0x0000000004bf3f80]
Event: 30.427 Thread 0x0000000019115000 1971       4       sun.awt.EventQueueDelegate::getDelegate (13 bytes)
Event: 30.429 Thread 0x0000000019115000 nmethod 1971 0x0000000004be9e90 code [0x0000000004be9fe0, 0x0000000004bea148]
Event: 30.429 Thread 0x0000000019115000 1970       4       com.sun.javafx.webkit.WebPageClientImpl::windowToScreen (98 bytes)
Event: 30.429 Thread 0x0000000019117000 nmethod 1969 0x0000000004bf8250 code [0x0000000004bf8580, 0x0000000004bfa820]
Event: 30.443 Thread 0x0000000019115000 nmethod 1970 0x0000000004bdce90 code [0x0000000004bdd0c0, 0x0000000004bddde8]
Event: 30.650 Thread 0x0000000019118800 1973       3       javafx.event.Event::consume (6 bytes)
Event: 30.651 Thread 0x0000000019118800 nmethod 1973 0x0000000004bcb2d0 code [0x0000000004bcb420, 0x0000000004bcb570]
Event: 30.657 Thread 0x0000000019117000 1974       4       java.util.WeakHashMap$Entry::getKey (8 bytes)
Event: 30.658 Thread 0x0000000019117000 nmethod 1974 0x0000000004bd1410 code [0x0000000004bd1540, 0x0000000004bd15b8]

GC Heap History (6 events):
Event: 17.871 GC heap before
{Heap before GC invocations=1 (full 0):
 PSYoungGen      total 38400K, used 33280K [0x00000000d5d80000, 0x00000000d8800000, 0x0000000100000000)
  eden space 33280K, 100% used [0x00000000d5d80000,0x00000000d7e00000,0x00000000d7e00000)
  from space 5120K, 0% used [0x00000000d8300000,0x00000000d8300000,0x00000000d8800000)
  to   space 5120K, 0% used [0x00000000d7e00000,0x00000000d7e00000,0x00000000d8300000)
 ParOldGen       total 87552K, used 0K [0x0000000081800000, 0x0000000086d80000, 0x00000000d5d80000)
  object space 87552K, 0% used [0x0000000081800000,0x0000000081800000,0x0000000086d80000)
 Metaspace       used 18891K, capacity 19434K, committed 19712K, reserved 1067008K
  class space    used 2605K, capacity 2755K, committed 2816K, reserved 1048576K
Event: 17.877 GC heap after
Heap after GC invocations=1 (full 0):
 PSYoungGen      total 38400K, used 5091K [0x00000000d5d80000, 0x00000000d8800000, 0x0000000100000000)
  eden space 33280K, 0% used [0x00000000d5d80000,0x00000000d5d80000,0x00000000d7e00000)
  from space 5120K, 99% used [0x00000000d7e00000,0x00000000d82f8f68,0x00000000d8300000)
  to   space 5120K, 0% used [0x00000000d8300000,0x00000000d8300000,0x00000000d8800000)
 ParOldGen       total 87552K, used 2420K [0x0000000081800000, 0x0000000086d80000, 0x00000000d5d80000)
  object space 87552K, 2% used [0x0000000081800000,0x0000000081a5d128,0x0000000086d80000)
 Metaspace       used 18891K, capacity 19434K, committed 19712K, reserved 1067008K
  class space    used 2605K, capacity 2755K, committed 2816K, reserved 1048576K
}
Event: 19.636 GC heap before
{Heap before GC invocations=2 (full 0):
 PSYoungGen      total 38400K, used 11504K [0x00000000d5d80000, 0x00000000d8800000, 0x0000000100000000)
  eden space 33280K, 19% used [0x00000000d5d80000,0x00000000d63c3268,0x00000000d7e00000)
  from space 5120K, 99% used [0x00000000d7e00000,0x00000000d82f8f68,0x00000000d8300000)
  to   space 5120K, 0% used [0x00000000d8300000,0x00000000d8300000,0x00000000d8800000)
 ParOldGen       total 87552K, used 2420K [0x0000000081800000, 0x0000000086d80000, 0x00000000d5d80000)
  object space 87552K, 2% used [0x0000000081800000,0x0000000081a5d128,0x0000000086d80000)
 Metaspace       used 20492K, capacity 21198K, committed 21248K, reserved 1067008K
  class space    used 2849K, capacity 3063K, committed 3072K, reserved 1048576K
Event: 19.641 GC heap after
Heap after GC invocations=2 (full 0):
 PSYoungGen      total 38400K, used 5107K [0x00000000d5d80000, 0x00000000d8800000, 0x0000000100000000)
  eden space 33280K, 0% used [0x00000000d5d80000,0x00000000d5d80000,0x00000000d7e00000)
  from space 5120K, 99% used [0x00000000d8300000,0x00000000d87fcf78,0x00000000d8800000)
  to   space 5120K, 0% used [0x00000000d7e00000,0x00000000d7e00000,0x00000000d8300000)
 ParOldGen       total 87552K, used 2828K [0x0000000081800000, 0x0000000086d80000, 0x00000000d5d80000)
  object space 87552K, 3% used [0x0000000081800000,0x0000000081ac3128,0x0000000086d80000)
 Metaspace       used 20492K, capacity 21198K, committed 21248K, reserved 1067008K
  class space    used 2849K, capacity 3063K, committed 3072K, reserved 1048576K
}
Event: 19.641 GC heap before
{Heap before GC invocations=3 (full 1):
 PSYoungGen      total 38400K, used 5107K [0x00000000d5d80000, 0x00000000d8800000, 0x0000000100000000)
  eden space 33280K, 0% used [0x00000000d5d80000,0x00000000d5d80000,0x00000000d7e00000)
  from space 5120K, 99% used [0x00000000d8300000,0x00000000d87fcf78,0x00000000d8800000)
  to   space 5120K, 0% used [0x00000000d7e00000,0x00000000d7e00000,0x00000000d8300000)
 ParOldGen       total 87552K, used 2828K [0x0000000081800000, 0x0000000086d80000, 0x00000000d5d80000)
  object space 87552K, 3% used [0x0000000081800000,0x0000000081ac3128,0x0000000086d80000)
 Metaspace       used 20492K, capacity 21198K, committed 21248K, reserved 1067008K
  class space    used 2849K, capacity 3063K, committed 3072K, reserved 1048576K
Event: 19.690 GC heap after
Heap after GC invocations=3 (full 1):
 PSYoungGen      total 38400K, used 0K [0x00000000d5d80000, 0x00000000d8800000, 0x0000000100000000)
  eden space 33280K, 0% used [0x00000000d5d80000,0x00000000d5d80000,0x00000000d7e00000)
  from space 5120K, 0% used [0x00000000d8300000,0x00000000d8300000,0x00000000d8800000)
  to   space 5120K, 0% used [0x00000000d7e00000,0x00000000d7e00000,0x00000000d8300000)
 ParOldGen       total 44032K, used 7821K [0x0000000081800000, 0x0000000084300000, 0x00000000d5d80000)
  object space 44032K, 17% used [0x0000000081800000,0x0000000081fa3688,0x0000000084300000)
 Metaspace       used 20492K, capacity 21198K, committed 21248K, reserved 1067008K
  class space    used 2849K, capacity 3063K, committed 3072K, reserved 1048576K
}

Deoptimization events (10 events):
Event: 17.578 Thread 0x000000001b8d7000 Uncommon trap: reason=class_check action=maybe_recompile pc=0x0000000004949d04 method=java.util.HashMap.putVal(ILjava/lang/Object;Ljava/lang/Object;ZZ)Ljava/lang/Object; @ 203
Event: 17.711 Thread 0x000000001b8d7000 Uncommon trap: reason=unstable_if action=reinterpret pc=0x000000000499fc28 method=java.io.BufferedInputStream.read()I @ 8
Event: 17.726 Thread 0x000000001b8d7000 Uncommon trap: reason=unstable_if action=reinterpret pc=0x0000000004968448 method=java.util.HashMap.putVal(ILjava/lang/Object;Ljava/lang/Object;ZZ)Ljava/lang/Object; @ 162
Event: 17.726 Thread 0x000000001b8d7000 Uncommon trap: reason=unstable_if action=reinterpret pc=0x0000000004832478 method=java.util.HashMap.getNode(ILjava/lang/Object;)Ljava/util/HashMap$Node; @ 84
Event: 17.726 Thread 0x000000001b8d7000 Uncommon trap: reason=unstable_if action=reinterpret pc=0x00000000047fb9c0 method=java.util.HashMap.getNode(ILjava/lang/Object;)Ljava/util/HashMap$Node; @ 84
Event: 17.862 Thread 0x000000001b8d7000 Uncommon trap: reason=class_check action=maybe_recompile pc=0x00000000049ad21c method=java.io.DataInputStream.readShort()S @ 4
Event: 17.863 Thread 0x000000001b8d7000 Uncommon trap: reason=class_check action=maybe_recompile pc=0x00000000049ad21c method=java.io.DataInputStream.readShort()S @ 4
Event: 17.864 Thread 0x000000001b8d7000 Uncommon trap: reason=class_check action=maybe_recompile pc=0x00000000049ad21c method=java.io.DataInputStream.readShort()S @ 4
Event: 17.864 Thread 0x000000001b8d7000 Uncommon trap: reason=class_check action=maybe_recompile pc=0x00000000049ad21c method=java.io.DataInputStream.readShort()S @ 4
Event: 17.945 Thread 0x000000001b8d7000 Uncommon trap: reason=unstable_if action=reinterpret pc=0x00000000049dfd9c method=jdk.internal.org.objectweb.asm.Type.getArgumentsAndReturnSizes(Ljava/lang/String;)I @ 47

Classes redefined (0 events):
No events

Internal exceptions (10 events):
Event: 0.196 Thread 0x00000000044a3000 Exception <a 'java/lang/NoSuchFieldError': method resolution failed> (0x00000000d60d4a78) thrown at [C:\re\workspace\8-2-build-windows-amd64-cygwin\jdk8u161\10277\hotspot\src\share\vm\prims\methodHandles.cpp, line 1167]
Event: 0.200 Thread 0x00000000044a3000 Exception <a 'java/lang/NoSuchFieldError': method resolution failed> (0x00000000d60e1e48) thrown at [C:\re\workspace\8-2-build-windows-amd64-cygwin\jdk8u161\10277\hotspot\src\share\vm\prims\methodHandles.cpp, line 1167]
Event: 0.267 Thread 0x000000001b7c5800 Exception <a 'java/io/FileNotFoundException'> (0x00000000d62c31d0) thrown at [C:\re\workspace\8-2-build-windows-amd64-cygwin\jdk8u161\10277\hotspot\src\share\vm\prims\jni.cpp, line 709]
Event: 0.634 Thread 0x000000001b7c5800 Exception <a 'java/lang/NullPointerException'> (0x00000000d653e7b0) thrown at [C:\re\workspace\8-2-build-windows-amd64-cygwin\jdk8u161\10277\hotspot\src\share\vm\interpreter\linkResolver.cpp, line 1185]
Event: 4.280 Thread 0x000000001b7c5800 Exception <a 'java/lang/NoSuchMethodError': java.lang.Object.lambda$getO$0(Ljava/lang/String;Leu/pedu/adv17s_fw/game_txt/INamed;)Z> (0x00000000d701d8c8) thrown at [C:\re\workspace\8-2-build-windows-amd64-cygwin\jdk8u161\10277\hotspot\src\share\vm\interpre
Event: 16.395 Thread 0x000000001b8d7000 Exception <a 'java/lang/NullPointerException'> (0x00000000d7183020) thrown at [C:\re\workspace\8-2-build-windows-amd64-cygwin\jdk8u161\10277\hotspot\src\share\vm\interpreter\linkResolver.cpp, line 1185]
Event: 16.395 Thread 0x000000001b8d7000 Exception <a 'java/lang/NullPointerException'> (0x00000000d7183020) thrown at [C:\re\workspace\8-2-build-windows-amd64-cygwin\jdk8u161\10277\hotspot\src\share\vm\prims\jvm.cpp, line 1394]
Event: 17.556 Thread 0x000000001b8d7000 Exception <a 'java/io/FileNotFoundException'> (0x00000000d75a0c48) thrown at [C:\re\workspace\8-2-build-windows-amd64-cygwin\jdk8u161\10277\hotspot\src\share\vm\prims\jni.cpp, line 709]
Event: 17.562 Thread 0x000000001b8d7000 Exception <a 'java/io/FileNotFoundException'> (0x00000000d75b8c10) thrown at [C:\re\workspace\8-2-build-windows-amd64-cygwin\jdk8u161\10277\hotspot\src\share\vm\prims\jni.cpp, line 709]
Event: 17.939 Thread 0x000000001b8d7000 Exception <a 'java/lang/ClassNotFoundException': sun/net/www/protocol/c/Handler> (0x00000000d6055e00) thrown at [C:\re\workspace\8-2-build-windows-amd64-cygwin\jdk8u161\10277\hotspot\src\share\vm\classfile\systemDictionary.cpp, line 210]

Events (10 events):
Event: 24.162 Thread 0x0000000019118800 flushing nmethod 0x0000000004751f10
Event: 24.179 Thread 0x0000000019118800 flushing nmethod 0x000000000478fad0
Event: 29.735 loading class sun/awt/windows/WInputMethod$1
Event: 29.735 loading class sun/awt/windows/WInputMethod$1 done
Event: 29.742 loading class java/awt/font/TextHitInfo
Event: 29.742 loading class java/awt/font/TextHitInfo done
Event: 29.909 loading class java/security/DomainCombiner
Event: 29.910 loading class java/security/DomainCombiner done
Event: 30.374 loading class sun/awt/EventQueueDelegate$Delegate
Event: 30.374 loading class sun/awt/EventQueueDelegate$Delegate done


Dynamic libraries:
0x00007ff61b0b0000 - 0x00007ff61b0e7000 	C:\Program Files\Java\jre1.8.0_161\bin\javaw.exe
0x00007ff815c80000 - 0x00007ff815e60000 	C:\WINDOWS\SYSTEM32\ntdll.dll
0x00007ff814ff0000 - 0x00007ff81509e000 	C:\WINDOWS\System32\KERNEL32.DLL
0x00007ff8124d0000 - 0x00007ff812736000 	C:\WINDOWS\System32\KERNELBASE.dll
0x00007ff815980000 - 0x00007ff815a21000 	C:\WINDOWS\System32\ADVAPI32.dll
0x00007ff815640000 - 0x00007ff8156dd000 	C:\WINDOWS\System32\msvcrt.dll
0x00007ff815bf0000 - 0x00007ff815c4b000 	C:\WINDOWS\System32\sechost.dll
0x00007ff815750000 - 0x00007ff81586f000 	C:\WINDOWS\System32\RPCRT4.dll
0x00007ff815110000 - 0x00007ff81529f000 	C:\WINDOWS\System32\USER32.dll
0x00007ff812220000 - 0x00007ff812240000 	C:\WINDOWS\System32\win32u.dll
0x00007ff815570000 - 0x00007ff815598000 	C:\WINDOWS\System32\GDI32.dll
0x00007ff812080000 - 0x00007ff812213000 	C:\WINDOWS\System32\gdi32full.dll
0x00007ff812740000 - 0x00007ff8127db000 	C:\WINDOWS\System32\msvcp_win.dll
0x00007ff8123d0000 - 0x00007ff8124c6000 	C:\WINDOWS\System32\ucrtbase.dll
0x00007ff8086c0000 - 0x00007ff808929000 	C:\WINDOWS\WinSxS\amd64_microsoft.windows.common-controls_6595b64144ccf1df_6.0.16299.309_none_15cfd4c4935e6b11\COMCTL32.dll
0x00007ff8131d0000 - 0x00007ff8134d8000 	C:\WINDOWS\System32\combase.dll
0x00007ff8122f0000 - 0x00007ff812362000 	C:\WINDOWS\System32\bcryptPrimitives.dll
0x00007ff815420000 - 0x00007ff81544d000 	C:\WINDOWS\System32\IMM32.DLL
0x000000006aa60000 - 0x000000006ab32000 	C:\Program Files\Java\jre1.8.0_161\bin\msvcr100.dll
0x000000006b000000 - 0x000000006b89f000 	C:\Program Files\Java\jre1.8.0_161\bin\server\jvm.dll
0x00007ff8152a0000 - 0x00007ff8152a8000 	C:\WINDOWS\System32\PSAPI.DLL
0x00007ff809190000 - 0x00007ff80919a000 	C:\WINDOWS\SYSTEM32\VERSION.dll
0x00007ff810430000 - 0x00007ff810439000 	C:\WINDOWS\SYSTEM32\WSOCK32.dll
0x00007ff809b50000 - 0x00007ff809b73000 	C:\WINDOWS\SYSTEM32\WINMM.dll
0x00007ff815450000 - 0x00007ff8154bc000 	C:\WINDOWS\System32\WS2_32.dll
0x00007ff8099b0000 - 0x00007ff8099da000 	C:\WINDOWS\SYSTEM32\WINMMBASE.dll
0x00007ff8127e0000 - 0x00007ff81282a000 	C:\WINDOWS\System32\cfgmgr32.dll
0x000000006af10000 - 0x000000006af1f000 	C:\Program Files\Java\jre1.8.0_161\bin\verify.dll
0x000000006aee0000 - 0x000000006af09000 	C:\Program Files\Java\jre1.8.0_161\bin\java.dll
0x000000006aa20000 - 0x000000006aa55000 	C:\Program Files\Java\jre1.8.0_161\bin\jdwp.dll
0x000000006aa10000 - 0x000000006aa18000 	C:\Program Files\Java\jre1.8.0_161\bin\npt.dll
0x000000006aec0000 - 0x000000006aed6000 	C:\Program Files\Java\jre1.8.0_161\bin\zip.dll
0x00007ff8134e0000 - 0x00007ff814916000 	C:\WINDOWS\System32\SHELL32.dll
0x00007ff8154c0000 - 0x00007ff815566000 	C:\WINDOWS\System32\shcore.dll
0x00007ff812830000 - 0x00007ff812f77000 	C:\WINDOWS\System32\windows.storage.dll
0x00007ff8150b0000 - 0x00007ff815101000 	C:\WINDOWS\System32\shlwapi.dll
0x00007ff811ff0000 - 0x00007ff812001000 	C:\WINDOWS\System32\kernel.appcore.dll
0x00007ff812010000 - 0x00007ff81205c000 	C:\WINDOWS\System32\powrprof.dll
0x00007ff811fd0000 - 0x00007ff811feb000 	C:\WINDOWS\System32\profapi.dll
0x000000006aa00000 - 0x000000006aa09000 	C:\Program Files\Java\jre1.8.0_161\bin\dt_socket.dll
0x00007ffff3f60000 - 0x00007ffff3f76000 	C:\WINDOWS\system32\napinsp.dll
0x00007ffff4be0000 - 0x00007ffff4bfa000 	C:\WINDOWS\system32\pnrpnsp.dll
0x00007ff80cd30000 - 0x00007ff80cd48000 	C:\WINDOWS\system32\NLAapi.dll
0x00007ff811860000 - 0x00007ff8118c6000 	C:\WINDOWS\System32\mswsock.dll
0x00007ff811630000 - 0x00007ff8116e6000 	C:\WINDOWS\SYSTEM32\DNSAPI.dll
0x00007ff8156e0000 - 0x00007ff8156e8000 	C:\WINDOWS\System32\NSI.dll
0x00007ff8115f0000 - 0x00007ff811629000 	C:\WINDOWS\SYSTEM32\IPHLPAPI.DLL
0x00007fffff2b0000 - 0x00007fffff2be000 	C:\WINDOWS\System32\winrnr.dll
0x00007ff80b2f0000 - 0x00007ff80b360000 	C:\WINDOWS\System32\fwpuclnt.dll
0x00007ff811b30000 - 0x00007ff811b55000 	C:\WINDOWS\SYSTEM32\bcrypt.dll
0x00007ff80a570000 - 0x00007ff80a57a000 	C:\Windows\System32\rasadhlp.dll
0x000000006ac70000 - 0x000000006ae08000 	C:\Program Files\Java\jre1.8.0_161\bin\awt.dll
0x00007ff814a70000 - 0x00007ff814b35000 	C:\WINDOWS\System32\OLEAUT32.dll
0x00007ff810160000 - 0x00007ff8101e8000 	C:\WINDOWS\SYSTEM32\apphelp.dll
0x00007ff810590000 - 0x00007ff810625000 	C:\WINDOWS\system32\uxtheme.dll
0x00007ff8152b0000 - 0x00007ff815417000 	C:\WINDOWS\System32\MSCTF.dll
0x00007ff8109d0000 - 0x00007ff8109fa000 	C:\WINDOWS\system32\dwmapi.dll
0x00007ff814920000 - 0x00007ff814a69000 	C:\WINDOWS\System32\ole32.dll
0x00007ffffad40000 - 0x00007ffffae5e000 	C:\WINDOWS\system32\opengl32.dll
0x00007ff800e70000 - 0x00007ff800e9c000 	C:\WINDOWS\SYSTEM32\GLU32.dll
0x0000000004480000 - 0x0000000004483000 	C:\Program Files\Java\jre1.8.0_161\bin\api-ms-win-core-console-l1-1-0.dll
0x000000001cd90000 - 0x000000001cd93000 	C:\Program Files\Java\jre1.8.0_161\bin\api-ms-win-core-datetime-l1-1-0.dll
0x000000001cda0000 - 0x000000001cda3000 	C:\Program Files\Java\jre1.8.0_161\bin\api-ms-win-core-debug-l1-1-0.dll
0x000000001cdb0000 - 0x000000001cdb3000 	C:\Program Files\Java\jre1.8.0_161\bin\api-ms-win-core-errorhandling-l1-1-0.dll
0x000000001cdc0000 - 0x000000001cdc4000 	C:\Program Files\Java\jre1.8.0_161\bin\api-ms-win-core-file-l1-1-0.dll
0x000000001cdd0000 - 0x000000001cdd3000 	C:\Program Files\Java\jre1.8.0_161\bin\api-ms-win-core-file-l1-2-0.dll
0x000000001cde0000 - 0x000000001cde3000 	C:\Program Files\Java\jre1.8.0_161\bin\api-ms-win-core-file-l2-1-0.dll
0x000000001cdf0000 - 0x000000001cdf3000 	C:\Program Files\Java\jre1.8.0_161\bin\api-ms-win-core-handle-l1-1-0.dll
0x000000001ce00000 - 0x000000001ce03000 	C:\Program Files\Java\jre1.8.0_161\bin\api-ms-win-core-heap-l1-1-0.dll
0x000000001ce10000 - 0x000000001ce13000 	C:\Program Files\Java\jre1.8.0_161\bin\api-ms-win-core-interlocked-l1-1-0.dll
0x000000001ce20000 - 0x000000001ce23000 	C:\Program Files\Java\jre1.8.0_161\bin\api-ms-win-core-libraryloader-l1-1-0.dll
0x000000001ce30000 - 0x000000001ce33000 	C:\Program Files\Java\jre1.8.0_161\bin\api-ms-win-core-localization-l1-2-0.dll
0x000000001ce40000 - 0x000000001ce43000 	C:\Program Files\Java\jre1.8.0_161\bin\api-ms-win-core-memory-l1-1-0.dll
0x000000001ce50000 - 0x000000001ce53000 	C:\Program Files\Java\jre1.8.0_161\bin\api-ms-win-core-namedpipe-l1-1-0.dll
0x000000001ce60000 - 0x000000001ce63000 	C:\Program Files\Java\jre1.8.0_161\bin\api-ms-win-core-processenvironment-l1-1-0.dll
0x000000001ce70000 - 0x000000001ce73000 	C:\Program Files\Java\jre1.8.0_161\bin\api-ms-win-core-processthreads-l1-1-0.dll
0x000000001ce80000 - 0x000000001ce83000 	C:\Program Files\Java\jre1.8.0_161\bin\api-ms-win-core-processthreads-l1-1-1.dll
0x000000001ce90000 - 0x000000001ce93000 	C:\Program Files\Java\jre1.8.0_161\bin\api-ms-win-core-profile-l1-1-0.dll
0x000000001cea0000 - 0x000000001cea3000 	C:\Program Files\Java\jre1.8.0_161\bin\api-ms-win-core-rtlsupport-l1-1-0.dll
0x000000001ceb0000 - 0x000000001ceb3000 	C:\Program Files\Java\jre1.8.0_161\bin\api-ms-win-core-string-l1-1-0.dll
0x000000001cec0000 - 0x000000001cec3000 	C:\Program Files\Java\jre1.8.0_161\bin\api-ms-win-core-synch-l1-1-0.dll
0x000000001ced0000 - 0x000000001ced3000 	C:\Program Files\Java\jre1.8.0_161\bin\api-ms-win-core-synch-l1-2-0.dll
0x000000001cee0000 - 0x000000001cee3000 	C:\Program Files\Java\jre1.8.0_161\bin\api-ms-win-core-sysinfo-l1-1-0.dll
0x000000001cef0000 - 0x000000001cef3000 	C:\Program Files\Java\jre1.8.0_161\bin\api-ms-win-core-timezone-l1-1-0.dll
0x000000001cf00000 - 0x000000001cf03000 	C:\Program Files\Java\jre1.8.0_161\bin\api-ms-win-core-util-l1-1-0.dll
0x000000001cf10000 - 0x000000001cf13000 	C:\Program Files\Java\jre1.8.0_161\bin\api-ms-win-crt-conio-l1-1-0.dll
0x000000001cf20000 - 0x000000001cf24000 	C:\Program Files\Java\jre1.8.0_161\bin\api-ms-win-crt-convert-l1-1-0.dll
0x000000001cf30000 - 0x000000001cf33000 	C:\Program Files\Java\jre1.8.0_161\bin\api-ms-win-crt-environment-l1-1-0.dll
0x000000001cf40000 - 0x000000001cf43000 	C:\Program Files\Java\jre1.8.0_161\bin\api-ms-win-crt-filesystem-l1-1-0.dll
0x000000001cf50000 - 0x000000001cf53000 	C:\Program Files\Java\jre1.8.0_161\bin\api-ms-win-crt-heap-l1-1-0.dll
0x000000001cf60000 - 0x000000001cf63000 	C:\Program Files\Java\jre1.8.0_161\bin\api-ms-win-crt-locale-l1-1-0.dll
0x000000001cf70000 - 0x000000001cf75000 	C:\Program Files\Java\jre1.8.0_161\bin\api-ms-win-crt-math-l1-1-0.dll
0x000000001cf80000 - 0x000000001cf85000 	C:\Program Files\Java\jre1.8.0_161\bin\api-ms-win-crt-multibyte-l1-1-0.dll
0x000000001cf90000 - 0x000000001cfa0000 	C:\Program Files\Java\jre1.8.0_161\bin\api-ms-win-crt-private-l1-1-0.dll
0x000000001cfa0000 - 0x000000001cfa3000 	C:\Program Files\Java\jre1.8.0_161\bin\api-ms-win-crt-process-l1-1-0.dll
0x000000001cfb0000 - 0x000000001cfb4000 	C:\Program Files\Java\jre1.8.0_161\bin\api-ms-win-crt-runtime-l1-1-0.dll
0x000000001cfc0000 - 0x000000001cfc4000 	C:\Program Files\Java\jre1.8.0_161\bin\api-ms-win-crt-stdio-l1-1-0.dll
0x000000001cfd0000 - 0x000000001cfd4000 	C:\Program Files\Java\jre1.8.0_161\bin\api-ms-win-crt-string-l1-1-0.dll
0x000000001cfe0000 - 0x000000001cfe3000 	C:\Program Files\Java\jre1.8.0_161\bin\api-ms-win-crt-time-l1-1-0.dll
0x000000001cff0000 - 0x000000001cff3000 	C:\Program Files\Java\jre1.8.0_161\bin\api-ms-win-crt-utility-l1-1-0.dll
0x00007fffe53c0000 - 0x00007fffe54b6000 	C:\Program Files\Java\jre1.8.0_161\bin\ucrtbase.dll
0x00007ffff6070000 - 0x00007ffff60c1000 	C:\Program Files\Java\jre1.8.0_161\bin\concrt140.dll
0x00007ffffd3f0000 - 0x00007ffffd406000 	C:\Program Files\Java\jre1.8.0_161\bin\VCRUNTIME140.dll
0x00007fffe89e0000 - 0x00007fffe8a7c000 	C:\Program Files\Java\jre1.8.0_161\bin\MSVCP140.dll
0x000000006ab90000 - 0x000000006abb3000 	C:\Program Files\Java\jre1.8.0_161\bin\prism_d3d.dll
0x00007fffe42e0000 - 0x00007fffe4475000 	C:\WINDOWS\system32\d3d9.dll
0x00007fffba450000 - 0x00007fffbfc34000 	C:\WINDOWS\System32\DriverStore\FileRepository\igdlh64.inf_amd64_463164d40c3d26ce\igdumdim64.dll
0x00007ff814ba0000 - 0x00007ff814fee000 	C:\WINDOWS\System32\SETUPAPI.dll
0x000000006ab40000 - 0x000000006ab89000 	C:\Program Files\Java\jre1.8.0_161\bin\glass.dll
0x00007ff815870000 - 0x00007ff81597a000 	C:\WINDOWS\System32\COMDLG32.dll
0x00007ffffb700000 - 0x00007ffffc85d000 	C:\WINDOWS\System32\DriverStore\FileRepository\igdlh64.inf_amd64_463164d40c3d26ce\igc64.dll
0x000000006ac20000 - 0x000000006ac67000 	C:\Program Files\Java\jre1.8.0_161\bin\fontmanager.dll
0x00007ff8155a0000 - 0x00007ff81563e000 	C:\WINDOWS\System32\clbcatq.dll
0x00007ff801460000 - 0x00007ff80160b000 	C:\WINDOWS\SYSTEM32\WindowsCodecs.dll
0x00007ffffcc40000 - 0x00007ffffcc8f000 	C:\WINDOWS\system32\dataexchange.dll
0x00007ff80ed10000 - 0x00007ff80eff2000 	C:\WINDOWS\system32\d3d11.dll
0x00007ff80fad0000 - 0x00007ff80fc12000 	C:\WINDOWS\system32\dcomp.dll
0x00007ff810e20000 - 0x00007ff810ecf000 	C:\WINDOWS\system32\dxgi.dll
0x00007ff810850000 - 0x00007ff8109cb000 	C:\WINDOWS\system32\twinapi.appcore.dll
0x00007ff810a40000 - 0x00007ff810a60000 	C:\WINDOWS\system32\RMCLIENT.dll
0x000000006aea0000 - 0x000000006aeba000 	C:\Program Files\Java\jre1.8.0_161\bin\net.dll
0x000000006ae80000 - 0x000000006ae91000 	C:\Program Files\Java\jre1.8.0_161\bin\nio.dll
0x000000006abc0000 - 0x000000006ac02000 	C:\Program Files\Java\jre1.8.0_161\bin\t2k.dll
0x00007ff809a20000 - 0x00007ff809ab8000 	C:\WINDOWS\System32\TextInputFramework.dll
0x00007ff800a50000 - 0x00007ff800d3e000 	C:\WINDOWS\System32\CoreUIComponents.dll
0x00007ff80f9f0000 - 0x00007ff80facc000 	C:\WINDOWS\System32\CoreMessaging.dll
0x00007ff8110f0000 - 0x00007ff811121000 	C:\WINDOWS\SYSTEM32\ntmarta.dll
0x00007ff80e930000 - 0x00007ff80ea66000 	C:\WINDOWS\SYSTEM32\wintypes.dll

VM Arguments:
jvm_args: -agentlib:jdwp=transport=dt_socket,suspend=y,address=localhost:63093 -Dfile.encoding=Cp1250 
java_command: eu.pedu.adv17s.MainForm
java_class_path (initial): C:\Program Files\Java\jre1.8.0_161\lib\resources.jar;C:\Program Files\Java\jre1.8.0_161\lib\rt.jar;C:\Program Files\Java\jre1.8.0_161\lib\jsse.jar;C:\Program Files\Java\jre1.8.0_161\lib\jce.jar;C:\Program Files\Java\jre1.8.0_161\lib\charsets.jar;C:\Program Files\Java\jre1.8.0_161\lib\jfr.jar;C:\Program Files\Java\jre1.8.0_161\lib\ext\access-bridge-64.jar;C:\Program Files\Java\jre1.8.0_161\lib\ext\cldrdata.jar;C:\Program Files\Java\jre1.8.0_161\lib\ext\dnsns.jar;C:\Program Files\Java\jre1.8.0_161\lib\ext\jaccess.jar;C:\Program Files\Java\jre1.8.0_161\lib\ext\jfxrt.jar;C:\Program Files\Java\jre1.8.0_161\lib\ext\localedata.jar;C:\Program Files\Java\jre1.8.0_161\lib\ext\nashorn.jar;C:\Program Files\Java\jre1.8.0_161\lib\ext\sunec.jar;C:\Program Files\Java\jre1.8.0_161\lib\ext\sunjce_provider.jar;C:\Program Files\Java\jre1.8.0_161\lib\ext\sunmscapi.jar;C:\Program Files\Java\jre1.8.0_161\lib\ext\sunpkcs11.jar;C:\Program Files\Java\jre1.8.0_161\lib\ext\zipfs.jar;C:\Users\Oldøich\eclipse-workspace\Adventura\bin;A:\Adv_17s_FW\dist\Adv_17s_FW.jar
Launcher Type: SUN_STANDARD

Environment Variables:
CLASSPATH=C:\LINGO64_17\Lingo17.jar
PATH=C:/Program Files/Java/jre1.8.0_161/bin/server;C:/Program Files/Java/jre1.8.0_161/bin;C:/Program Files/Java/jre1.8.0_161/lib/amd64;C:\ProgramData\Oracle\Java\javapath;C:\Program Files (x86)\Intel\iCLS Client\;C:\Program Files\Intel\iCLS Client\;C:\Windows\system32;C:\Windows;C:\Windows\System32\Wbem;C:\Windows\System32\WindowsPowerShell\v1.0\;C:\Program Files (x86)\Intel\Intel(R) Management Engine Components\DAL;C:\Program Files\Intel\Intel(R) Management Engine Components\DAL;C:\Program Files (x86)\Intel\Intel(R) Management Engine Components\IPT;C:\Program Files\Intel\Intel(R) Management Engine Components\IPT;C:\Program Files (x86)\NVIDIA Corporation\PhysX\Common;C:\WINDOWS\system32;C:\WINDOWS;C:\WINDOWS\System32\Wbem;C:\WINDOWS\System32\WindowsPowerShell\v1.0\;C:\Program Files (x86)\Skype\Phone\;C:\LINGO64_17\;C:\Program Files\TortoiseSVN\bin;C:\Program Files\Git\cmd;C:\Users\Oldøich\AppData\Local\Microsoft\WindowsApps;;C:\Users\Oldøich\Desktop\eclipse;
USERNAME=Oldøich
OS=Windows_NT
PROCESSOR_IDENTIFIER=Intel64 Family 6 Model 78 Stepping 3, GenuineIntel



---------------  S Y S T E M  ---------------

OS: Windows 10.0 , 64 bit Build 16299 (10.0.16299.15)

CPU:total 4 (initial active 4) (2 cores per cpu, 2 threads per core) family 6 model 78 stepping 3, cmov, cx8, fxsr, mmx, sse, sse2, sse3, ssse3, sse4.1, sse4.2, popcnt, avx, avx2, aes, clmul, erms, 3dnowpref, lzcnt, ht, tsc, tscinvbit, bmi1, bmi2, adx

Memory: 4k page, physical 8285484k(2568260k free), swap 9989420k(1403884k free)

vm_info: Java HotSpot(TM) 64-Bit Server VM (25.161-b12) for windows-amd64 JRE (1.8.0_161-b12), built on Dec 19 2017 17:52:25 by "java_re" with MS VC++ 10.0 (VS2010)

time: Wed Mar 28 23:06:58 2018
elapsed time: 30 seconds (0d 0h 0m 30s)

